<?xml version="1.0" encoding="UTF-8" ?>
<testsuite errors="0" failures="0" hostname="LAPTOP-7CTGIM18" name="org.gjt.sp.jedit.textarea.FirstLineTest" skipped="0" tests="3" time="0.293" timestamp="2021-12-15T04:19:55">
  <properties>
[...]
</properties>
  <testcase classname="org.gjt.sp.jedit.textarea.FirstLineTest" name="preContentInsertedBefore" time="0.287" />
  <testcase classname="org.gjt.sp.jedit.textarea.FirstLineTest" name="preContentInsertedAfter" time="0.0" />
  <testcase classname="org.gjt.sp.jedit.textarea.FirstLineTest" name="setSkew" time="0.006" />
  <system-out><![CDATA[]]></system-out>
  <system-err><![CDATA[]]></system-err>
</testsuite>
