<?xml version="1.0" encoding="UTF-8" ?>
<testsuite errors="0" failures="0" hostname="DESKTOP-LBHN4HN" name="org.gjt.sp.util.StringListTest" skipped="0" tests="9" time="0.006" timestamp="2021-12-15T04:38:26">
  <properties>
[...]
</properties>
  <testcase classname="org.gjt.sp.util.StringListTest" name="toArray" time="0.002" />
  <testcase classname="org.gjt.sp.util.StringListTest" name="testToString" time="0.0" />
  <testcase classname="org.gjt.sp.util.StringListTest" name="split2" time="0.0" />
  <testcase classname="org.gjt.sp.util.StringListTest" name="split3" time="0.0" />
  <testcase classname="org.gjt.sp.util.StringListTest" name="join" time="0.0" />
  <testcase classname="org.gjt.sp.util.StringListTest" name="join2" time="0.0" />
  <testcase classname="org.gjt.sp.util.StringListTest" name="join3" time="0.0" />
  <testcase classname="org.gjt.sp.util.StringListTest" name="join4" time="0.0" />
  <testcase classname="org.gjt.sp.util.StringListTest" name="split" time="0.001" />
  <system-out><![CDATA[]]></system-out>
  <system-err><![CDATA[]]></system-err>
</testsuite>
